
add_n_numbers/add_n_numbers:     file format elf32-littleriscv


Disassembly of section .text:

00000000 <_start>:
   0:	7ff00113          	li	sp,2047
   4:	00c000ef          	jal	ra,10 <main>
   8:	000017b7          	lui	a5,0x1
   c:	80078623          	sb	zero,-2036(a5) # 80c <ADDR_END+0xc>

00000010 <main>:
  10:	00001637          	lui	a2,0x1
  14:	06e00793          	li	a5,110
  18:	80f62023          	sw	a5,-2048(a2) # 800 <ADDR_END>
  1c:	03d00793          	li	a5,61
  20:	80f62023          	sw	a5,-2048(a2)
  24:	81660613          	addi	a2,a2,-2026
  28:	00062603          	lw	a2,0(a2)
  2c:	06064663          	bltz	a2,98 <main+0x88>
  30:	08c05063          	blez	a2,b0 <main+0xa0>
  34:	00001737          	lui	a4,0x1
  38:	81670713          	addi	a4,a4,-2026 # 816 <ADDR_END+0x16>
  3c:	00072703          	lw	a4,0(a4)
  40:	02070863          	beqz	a4,70 <main+0x60>
  44:	00160613          	addi	a2,a2,1
  48:	00070693          	mv	a3,a4
  4c:	00100793          	li	a5,1
  50:	00000713          	li	a4,0
  54:	000015b7          	lui	a1,0x1
  58:	81658593          	addi	a1,a1,-2026 # 816 <ADDR_END+0x16>
  5c:	00d70733          	add	a4,a4,a3
  60:	00178793          	addi	a5,a5,1
  64:	00f60663          	beq	a2,a5,70 <main+0x60>
  68:	0005a683          	lw	a3,0(a1)
  6c:	fe0698e3          	bnez	a3,5c <main+0x4c>
  70:	000017b7          	lui	a5,0x1
  74:	05300693          	li	a3,83
  78:	80d7a023          	sw	a3,-2048(a5) # 800 <ADDR_END>
  7c:	03d00693          	li	a3,61
  80:	80d7a023          	sw	a3,-2048(a5)
  84:	80e7a223          	sw	a4,-2044(a5)
  88:	00a00713          	li	a4,10
  8c:	80e7a023          	sw	a4,-2048(a5)
  90:	00000513          	li	a0,0
  94:	00008067          	ret
  98:	000017b7          	lui	a5,0x1
  9c:	fff00713          	li	a4,-1
  a0:	80e7a223          	sw	a4,-2044(a5) # 804 <ADDR_END+0x4>
  a4:	00a00713          	li	a4,10
  a8:	80e7a023          	sw	a4,-2048(a5)
  ac:	fe5ff06f          	j	90 <main+0x80>
  b0:	00000713          	li	a4,0
  b4:	fbdff06f          	j	70 <main+0x60>
